<?xml version="1.0" encoding="UTF-8"?>
<!-- Generated by org.testng.reporters.JUnitReportReporter -->
<testsuite hostname="user" name="com.lambdatest.TestNGWindows7" tests="1" failures="0" timestamp="1 Jun 2021 06:16:14 GMT" time="37.271" errors="0">
  <testcase name="basicTest" time="37.271" classname="com.lambdatest.TestNGWindows7"/>
</testsuite> <!-- com.lambdatest.TestNGWindows7 -->
