<?xml version="1.0" encoding="UTF-8"?>
<!-- Generated by org.testng.reporters.JUnitReportReporter -->
<testsuite hostname="user" name="com.lambdatest.TestNGMacOS" tests="1" failures="0" timestamp="1 Jun 2021 06:16:14 GMT" time="124.458" errors="0">
  <testcase name="basicTest" time="124.458" classname="com.lambdatest.TestNGMacOS"/>
</testsuite> <!-- com.lambdatest.TestNGMacOS -->
