<?xml version="1.0" encoding="UTF-8"?>
<!-- Generated by org.testng.reporters.JUnitReportReporter -->
<testsuite hostname="user" name="com.lambdatest.TestNGTodo3" tests="1" failures="0" timestamp="1 Jun 2021 05:55:00 GMT" time="31.783" errors="0">
  <testcase name="basicTest" time="31.783" classname="com.lambdatest.TestNGTodo3"/>
</testsuite> <!-- com.lambdatest.TestNGTodo3 -->
