<?xml version="1.0" encoding="UTF-8"?>
<!-- Generated by org.testng.reporters.JUnitReportReporter -->
<testsuite hostname="user" name="com.lambdatest.TestNGTodo1" tests="1" failures="0" timestamp="1 Jun 2021 06:00:25 GMT" time="37.291" errors="0">
  <testcase name="basicTest" time="37.291" classname="com.lambdatest.TestNGTodo1"/>
</testsuite> <!-- com.lambdatest.TestNGTodo1 -->
