<?xml version="1.0" encoding="UTF-8"?>
<!-- Generated by org.testng.reporters.JUnitReportReporter -->
<testsuite hostname="user" name="com.lambdatest.TestNGTodo2" tests="1" failures="0" timestamp="1 Jun 2021 05:55:00 GMT" time="32.569" errors="0">
  <testcase name="basicTest" time="32.569" classname="com.lambdatest.TestNGTodo2"/>
</testsuite> <!-- com.lambdatest.TestNGTodo2 -->
