<?xml version="1.0" encoding="UTF-8"?>
<!-- Generated by org.testng.reporters.JUnitReportReporter -->
<testsuite hostname="user" name="com.lambdatest.TestNGWindows10" tests="1" failures="0" timestamp="1 Jun 2021 06:16:14 GMT" time="34.607" errors="0">
  <testcase name="basicTest" time="34.607" classname="com.lambdatest.TestNGWindows10"/>
</testsuite> <!-- com.lambdatest.TestNGWindows10 -->
